<?xml version="1.0" encoding="UTF-8"?>
<testng-results ignored="0" total="1" passed="1" failed="0" skipped="0">
  <reporter-output>
  </reporter-output>
  <suite started-at="2020-06-09T18:04:49 EDT" name="Suite" finished-at="2020-06-09T18:04:57 EDT" duration-ms="7810">
    <groups>
    </groups>
    <test started-at="2020-06-09T18:04:49 EDT" name="Test" finished-at="2020-06-09T18:04:57 EDT" duration-ms="7810">
      <class name="testPackage.NewTest">
        <test-method is-config="true" signature="beforeTest()[pri:0, instance:testPackage.NewTest@4ba2ca36]" started-at="2020-06-09T18:04:49 EDT" name="beforeTest" finished-at="2020-06-09T18:04:54 EDT" duration-ms="4609" status="PASS">
          <reporter-output>
          </reporter-output>
        </test-method> <!-- beforeTest -->
        <test-method signature="mavenTest()[pri:0, instance:testPackage.NewTest@4ba2ca36]" started-at="2020-06-09T18:04:54 EDT" name="mavenTest" finished-at="2020-06-09T18:04:57 EDT" duration-ms="2725" status="PASS">
          <reporter-output>
          </reporter-output>
        </test-method> <!-- mavenTest -->
        <test-method is-config="true" signature="afterTest()[pri:0, instance:testPackage.NewTest@4ba2ca36]" started-at="2020-06-09T18:04:57 EDT" name="afterTest" finished-at="2020-06-09T18:04:57 EDT" duration-ms="416" status="PASS">
          <reporter-output>
          </reporter-output>
        </test-method> <!-- afterTest -->
      </class> <!-- testPackage.NewTest -->
    </test> <!-- Test -->
  </suite> <!-- Suite -->
</testng-results>
