<?xml version="1.0" encoding="UTF-8"?>
<testng-results ignored="0" total="1" passed="1" failed="0" skipped="0">
  <reporter-output>
  </reporter-output>
  <suite started-at="2020-06-09T13:53:33 EDT" name="Suite" finished-at="2020-06-09T13:53:41 EDT" duration-ms="8227">
    <groups>
    </groups>
    <test started-at="2020-06-09T13:53:33 EDT" name="Test" finished-at="2020-06-09T13:53:41 EDT" duration-ms="8227">
      <class name="testPackage.NewTest">
        <test-method is-config="true" signature="beforeTest()[pri:0, instance:testPackage.NewTest@e50a6f6]" started-at="2020-06-09T13:53:33 EDT" name="beforeTest" finished-at="2020-06-09T13:53:38 EDT" duration-ms="5196" status="PASS">
          <reporter-output>
          </reporter-output>
        </test-method> <!-- beforeTest -->
        <test-method signature="mavenTest()[pri:0, instance:testPackage.NewTest@e50a6f6]" started-at="2020-06-09T13:53:38 EDT" name="mavenTest" finished-at="2020-06-09T13:53:41 EDT" duration-ms="2876" status="PASS">
          <reporter-output>
          </reporter-output>
        </test-method> <!-- mavenTest -->
        <test-method is-config="true" signature="afterTest()[pri:0, instance:testPackage.NewTest@e50a6f6]" started-at="2020-06-09T13:53:41 EDT" name="afterTest" finished-at="2020-06-09T13:53:41 EDT" duration-ms="104" status="PASS">
          <reporter-output>
          </reporter-output>
        </test-method> <!-- afterTest -->
      </class> <!-- testPackage.NewTest -->
    </test> <!-- Test -->
  </suite> <!-- Suite -->
</testng-results>
